<?xml version="1.0" encoding="UTF-8"?>
<testng-results ignored="0" total="0" passed="0" failed="0" skipped="0">
  <reporter-output>
  </reporter-output>
  <suite started-at="2020-01-10T11:42:21Z" name="GCC_CONNECTORS_API.GCC_CONNECTORS_API.AppTest" finished-at="2020-01-10T11:42:21Z" duration-ms="3">
    <groups>
    </groups>
    <test started-at="2020-01-10T11:42:21Z" name="Command line test" finished-at="2020-01-10T11:42:21Z" duration-ms="3">
    </test> <!-- Command line test -->
  </suite> <!-- GCC_CONNECTORS_API.GCC_CONNECTORS_API.AppTest -->
</testng-results>
